<?xml version="1.0" encoding="UTF-8"?>
<!-- Generated by org.testng.reporters.JUnitXMLReporter -->
<testsuite ignored="10" hostname="DESKTOP-PE5C432" failures="0" tests="1" name="Default test" time="0.177" errors="0" timestamp="2022-09-13T18:26:13 IST">
  <testcase classname="com.fpm.qa.TestCases.SignUpTest" name="SignUp" time="0.0">
    <skipped/>
  </testcase> <!-- SignUp -->
  <testcase classname="com.fpm.qa.TestCases.SignUpTest" name="verifySubmitbtnOfSignUpPage" time="0.0">
    <ignored/>
  </testcase> <!-- verifySubmitbtnOfSignUpPage -->
  <testcase classname="com.fpm.qa.TestCases.SignUpTest" name="verifyBirthYearFieldOfSignUpPage" time="0.0">
    <ignored/>
  </testcase> <!-- verifyBirthYearFieldOfSignUpPage -->
  <testcase classname="com.fpm.qa.TestCases.SignUpTest" name="verifyGenderFieldOfSignUpPage" time="0.0">
    <ignored/>
  </testcase> <!-- verifyGenderFieldOfSignUpPage -->
  <testcase classname="com.fpm.qa.TestCases.SignUpTest" name="verifyEmailFieldOfSignUpPage" time="0.0">
    <ignored/>
  </testcase> <!-- verifyEmailFieldOfSignUpPage -->
  <testcase classname="com.fpm.qa.TestCases.SignUpTest" name="verifypassFieldOfSignUpPage" time="0.0">
    <ignored/>
  </testcase> <!-- verifypassFieldOfSignUpPage -->
  <testcase classname="com.fpm.qa.TestCases.SignUpTest" name="verifyFirstNameOfSignUpPage" time="0.0">
    <ignored/>
  </testcase> <!-- verifyFirstNameOfSignUpPage -->
  <testcase classname="com.fpm.qa.TestCases.SignUpTest" name="verifyBirthMonthFieldOfSignUpPage" time="0.0">
    <ignored/>
  </testcase> <!-- verifyBirthMonthFieldOfSignUpPage -->
  <testcase classname="com.fpm.qa.TestCases.SignUpTest" name="verifyConfirmEmailFieldOfSignUpPage" time="0.0">
    <ignored/>
  </testcase> <!-- verifyConfirmEmailFieldOfSignUpPage -->
  <testcase classname="com.fpm.qa.TestCases.SignUpTest" name="verifyBirthDayFieldOfSignUpPage" time="0.0">
    <ignored/>
  </testcase> <!-- verifyBirthDayFieldOfSignUpPage -->
  <testcase classname="com.fpm.qa.TestCases.SignUpTest" name="verifyLastNameOfSignUpPage" time="0.0">
    <ignored/>
  </testcase> <!-- verifyLastNameOfSignUpPage -->
</testsuite> <!-- Default test -->
